2014-11-02 00:18:55,245 - youme_pipeline - INFO - Store comment to DB, post_id: 3542725	comment: @急忙赶路的人	comment_author_id: 83675546	comment_author: 海WM	atime: 2014-01-09 20:37:44	is_post: False - [pipelines.py:59]
2014-11-02 00:18:55,271 - youme_pipeline - INFO - Store comment to DB, post_id: 3542725	comment: 南无阿弥陀佛	comment_author_id: 89421612	comment_author: 姜梦牡添	atime: 2014-06-07 12:53:43	is_post: False - [pipelines.py:59]
2014-11-02 00:18:55,272 - youme_pipeline - INFO - Store comment to DB, post_id: 3542725	comment: 南无阿弥陀佛	comment_author_id: 89421612	comment_author: 姜梦牡添	atime: 2014-06-07 14:33:58	is_post: False - [pipelines.py:59]
2014-11-02 00:18:55,274 - youme_pipeline - INFO - Store comment to DB, post_id: 3542725	comment: 可是已经堕了，如何补救	comment_author_id: 88499947	comment_author: love_to_die	atime: 2014-06-07 14:44:08	is_post: False - [pipelines.py:59]
2014-11-02 00:18:55,285 - youme_pipeline - INFO - Store comment to DB, post_id: 3542725	comment: 南无阿弥陀佛	comment_author_id: 89421612	comment_author: 姜梦牡添	atime: 2014-06-07 16:15:02	is_post: False - [pipelines.py:59]
2014-11-02 00:18:55,287 - youme_pipeline - INFO - Store comment to DB, post_id: 3542725	comment: 南无阿弥陀佛	comment_author_id: 89421612	comment_author: 姜梦牡添	atime: 2014-06-07 17:55:56	is_post: False - [pipelines.py:59]
2014-11-02 00:18:55,289 - youme_pipeline - INFO - Store comment to DB, post_id: 3542725	comment: 南无阿弥陀佛	comment_author_id: 89421612	comment_author: 姜梦牡添	atime: 2014-06-07 19:26:57	is_post: False - [pipelines.py:59]
2014-11-02 00:18:55,290 - youme_pipeline - INFO - Store comment to DB, post_id: 3542725	comment: 南无阿弥陀佛	comment_author_id: 89421612	comment_author: 姜梦牡添	atime: 2014-06-07 20:34:40	is_post: False - [pipelines.py:59]
2014-11-02 00:18:55,292 - youme_pipeline - INFO - Store comment to DB, post_id: 3542725	comment: 南无阿弥陀佛	comment_author_id: 89421612	comment_author: 姜梦牡添	atime: 2014-06-07 21:42:28	is_post: False - [pipelines.py:59]
2014-11-02 00:18:55,294 - youme_pipeline - INFO - Store comment to DB, post_id: 3542725	comment: 堕胎是年轻犯下的罪，是一道刻在心上永远的伤，一生一世。年轻的人们，三思而行。	comment_author_id: 91088358	comment_author: 寒心小小	atime: 2014-06-07 21:50:29	is_post: False - [pipelines.py:59]
2014-11-02 00:18:55,296 - youme_pipeline - INFO - Store comment to DB, post_id: 3542725	comment: 三个月前只能算一枚受精卵，况且并不确定他能否发育成功成一个胎儿，三个月之后引产的可能相对残忍。能别这么圣母吗？给不了好的条件，你以为他愿意降生？对他就是好的？蛇精	comment_author_id: 79384984	comment_author: 小7被注册了	atime: 2014-06-07 22:14:11	is_post: False - [pipelines.py:59]
2014-11-02 00:18:55,297 - youme_pipeline - INFO - Store comment to DB, post_id: 3542725	comment: 南无阿弥陀佛	comment_author_id: 89421612	comment_author: 姜梦牡添	atime: 2014-06-07 22:50:05	is_post: False - [pipelines.py:59]
2014-11-02 00:18:55,298 - youme_pipeline - INFO - Store comment to DB, post_id: 3542725	comment: 南无阿弥陀佛	comment_author_id: 89421612	comment_author: 姜梦牡添	atime: 2014-06-08 07:56:12	is_post: False - [pipelines.py:59]
2014-11-02 00:18:55,299 - youme_pipeline - INFO - Store comment to DB, post_id: 3542725	comment: 南无阿弥陀佛	comment_author_id: 89421612	comment_author: 姜梦牡添	atime: 2014-06-08 09:37:56	is_post: False - [pipelines.py:59]
2014-11-02 00:18:55,301 - youme_pipeline - INFO - Store comment to DB, post_id: 3542725	comment: 南无阿弥陀佛	comment_author_id: 89421612	comment_author: 姜梦牡添	atime: 2014-06-08 11:19:25	is_post: False - [pipelines.py:59]
2014-11-02 00:18:55,302 - youme_pipeline - INFO - Store comment to DB, post_id: 3542725	comment: 南无阿弥陀佛	comment_author_id: 89421612	comment_author: 姜梦牡添	atime: 2014-06-08 13:00:55	is_post: False - [pipelines.py:59]
2014-11-02 00:18:55,303 - youme_pipeline - INFO - Store comment to DB, post_id: 3542725	comment: 南无阿弥陀佛	comment_author_id: 89421612	comment_author: 姜梦牡添	atime: 2014-06-08 14:42:16	is_post: False - [pipelines.py:59]
2014-11-02 00:18:55,306 - youme_pipeline - INFO - Store comment to DB, post_id: 3542725	comment: 南无阿弥陀佛	comment_author_id: 89421612	comment_author: 姜梦牡添	atime: 2014-06-08 16:24:13	is_post: False - [pipelines.py:59]
2014-11-02 00:18:55,307 - youme_pipeline - INFO - Store comment to DB, post_id: 3542725	comment: 南无阿弥陀佛	comment_author_id: 89421612	comment_author: 姜梦牡添	atime: 2014-06-08 17:54:27	is_post: False - [pipelines.py:59]
2014-11-02 00:18:55,309 - youme_pipeline - INFO - Store comment to DB, post_id: 3542725	comment: 南无阿弥陀佛	comment_author_id: 89421612	comment_author: 姜梦牡添	atime: 2014-06-08 19:07:57	is_post: False - [pipelines.py:59]
2014-11-02 00:18:55,310 - youme_pipeline - INFO - Store comment to DB, post_id: 3542725	comment: 南无阿弥陀佛	comment_author_id: 89421612	comment_author: 姜梦牡添	atime: 2014-06-08 21:01:10	is_post: False - [pipelines.py:59]
2014-11-02 00:18:55,311 - youme_pipeline - INFO - Store comment to DB, post_id: 3542725	comment: 南无阿弥陀佛	comment_author_id: 89421612	comment_author: 姜梦牡添	atime: 2014-06-08 22:32:33	is_post: False - [pipelines.py:59]
2014-11-02 00:18:55,312 - youme_pipeline - INFO - Store comment to DB, post_id: 3542725	comment: 南无阿弥陀佛	comment_author_id: 89421612	comment_author: 姜梦牡添	atime: 2014-06-09 00:14:24	is_post: False - [pipelines.py:59]
2014-11-02 00:18:55,313 - youme_pipeline - INFO - Store comment to DB, post_id: 3542725	comment: 南无阿弥陀佛	comment_author_id: 89421612	comment_author: 姜梦牡添	atime: 2014-06-09 07:50:23	is_post: False - [pipelines.py:59]
2014-11-02 00:18:55,314 - youme_pipeline - INFO - Store comment to DB, post_id: 3542725	comment: 南无阿弥陀佛	comment_author_id: 89421612	comment_author: 姜梦牡添	atime: 2014-06-09 09:32:29	is_post: False - [pipelines.py:59]
2014-11-02 00:18:55,315 - youme_pipeline - INFO - Store comment to DB, post_id: 3542725	comment: 南无阿弥陀佛	comment_author_id: 89421612	comment_author: 姜梦牡添	atime: 2014-06-09 11:02:55	is_post: False - [pipelines.py:59]
2014-11-02 00:18:55,316 - youme_pipeline - INFO - Store comment to DB, post_id: 3542725	comment: 南无阿弥陀佛	comment_author_id: 89421612	comment_author: 姜梦牡添	atime: 2014-06-09 12:33:16	is_post: False - [pipelines.py:59]
2014-11-02 00:18:55,317 - youme_pipeline - INFO - Store comment to DB, post_id: 3542725	comment: 凡所有相,皆是虚妄	comment_author_id: 89709010	comment_author: 范家贝	atime: 2014-06-13 17:36:13	is_post: False - [pipelines.py:59]
2014-11-02 00:18:55,318 - youme_pipeline - INFO - Store comment to DB, post_id: 3542725	comment: 凡所有相,皆是虚妄	comment_author_id: 89709010	comment_author: 范家贝	atime: 2014-06-13 21:13:20	is_post: False - [pipelines.py:59]
2014-11-02 00:18:55,319 - youme_pipeline - INFO - Store comment to DB, post_id: 3542725	comment: 标记	comment_author_id: 89709010	comment_author: 范家贝	atime: 2014-06-13 23:01:48	is_post: False - [pipelines.py:59]
2014-11-02 00:18:55,320 - youme_pipeline - INFO - Store comment to DB, post_id: 3542725	comment: very good	comment_author_id: 89709010	comment_author: 范家贝	atime: 2014-06-14 00:01:23	is_post: False - [pipelines.py:59]
2014-11-02 00:18:55,321 - youme_pipeline - INFO - Store comment to DB, post_id: 3542725	comment: 怎么挽回男友？以下是我的经验：	comment_author_id: 78442773	comment_author: michaelia13	atime: 2014-06-14 00:10:09	is_post: False - [pipelines.py:59]
2014-11-02 00:18:55,322 - youme_pipeline - INFO - Store comment to DB, post_id: 3542725	comment: 南无大势至菩萨	comment_author_id: 89709010	comment_author: 范家贝	atime: 2014-06-14 01:51:44	is_post: False - [pipelines.py:59]
2014-11-02 00:18:55,323 - youme_pipeline - INFO - Store comment to DB, post_id: 3542725	comment: 是日已过，命亦随减，如少水鱼，斯有何乐？	comment_author_id: 89709010	comment_author: 范家贝	atime: 2014-06-14 03:41:45	is_post: False - [pipelines.py:59]
2014-11-02 00:18:55,324 - youme_pipeline - INFO - Store comment to DB, post_id: 3542725	comment: 鱼虫犹可佛，鸡犬皆登仙。顾我非六六，荷天良拳拳。	comment_author_id: 89709010	comment_author: 范家贝	atime: 2014-06-14 05:31:26	is_post: False - [pipelines.py:59]
2014-11-02 00:18:55,324 - youme_pipeline - INFO - Store comment to DB, post_id: 3542725	comment: 在文件共享中下载	comment_author_id: 89709010	comment_author: 范家贝	atime: 2014-06-14 12:17:48	is_post: False - [pipelines.py:59]
2014-11-02 00:18:55,325 - youme_pipeline - INFO - Store comment to DB, post_id: 3542725	comment: 可图大药资，以办买山钱。　　　　　东访鼎湖浪，西寻苍梧烟。	comment_author_id: 89709010	comment_author: 范家贝	atime: 2014-06-14 12:34:09	is_post: False - [pipelines.py:59]
2014-11-02 00:18:55,326 - youme_pipeline - INFO - Store comment to DB, post_id: 3542725	comment: 凡所有相,皆是虚妄	comment_author_id: 89709010	comment_author: 范家贝	atime: 2014-06-14 13:50:09	is_post: False - [pipelines.py:59]
2014-11-02 00:18:55,328 - youme_pipeline - INFO - Store comment to DB, post_id: 3542725	comment: 南无月光如来	comment_author_id: 89709010	comment_author: 范家贝	atime: 2014-06-14 15:39:19	is_post: False - [pipelines.py:59]
2014-11-02 00:18:55,329 - youme_pipeline - INFO - Store comment to DB, post_id: 3542725	comment: 汝负我命,我还汝债。以是因缘,经百千劫,常在生死; 汝爱我心,我怜汝色。以是因缘,经百千劫,常在缠缚。 ——摘自《楞严经》	comment_author_id: 89709010	comment_author: 范家贝	atime: 2014-06-14 17:29:30	is_post: False - [pipelines.py:59]
2014-11-02 00:18:55,330 - youme_pipeline - INFO - Store comment to DB, post_id: 3542725	comment: 收取	comment_author_id: 89709010	comment_author: 范家贝	atime: 2014-06-14 19:19:00	is_post: False - [pipelines.py:59]
2014-11-02 00:18:55,336 - youme_pipeline - INFO - Store comment to DB, post_id: 3542725	comment: 愿我来世，得菩提时。身如琉璃，内外明澈，净无瑕秽。	comment_author_id: 89709010	comment_author: 范家贝	atime: 2014-06-14 20:58:08	is_post: False - [pipelines.py:59]
2014-11-02 00:18:55,337 - youme_pipeline - INFO - Store comment to DB, post_id: 3542725	comment: 早看到这样的文章就好了	comment_author_id: 89709010	comment_author: 范家贝	atime: 2014-06-14 22:36:07	is_post: False - [pipelines.py:59]
2014-11-02 00:18:55,338 - youme_pipeline - INFO - Store comment to DB, post_id: 3542725	comment: 给国家计生委看看，谁愿意堕胎，但是计划生育逼迫堕胎	comment_author_id: 77686197	comment_author: 甜菠菜	atime: 2014-06-14 22:42:26	is_post: False - [pipelines.py:59]
2014-11-02 00:18:55,343 - youme_pipeline - INFO - Store comment to DB, post_id: 3542725	comment: 双职工家庭意外怀孕只能选择堕胎	comment_author_id: 77686197	comment_author: 甜菠菜	atime: 2014-06-14 22:43:09	is_post: False - [pipelines.py:59]
2014-11-02 00:18:55,345 - youme_pipeline - INFO - Store comment to DB, post_id: 3542725	comment: 凡所有相,皆是虚妄	comment_author_id: 89709010	comment_author: 范家贝	atime: 2014-06-15 00:11:56	is_post: False - [pipelines.py:59]
2014-11-02 00:18:55,347 - youme_pipeline - INFO - Store comment to DB, post_id: 3542725	comment: 愿生西方净土中，九品莲花为父母，花开见佛悟无生，不退菩萨为伴侣。	comment_author_id: 89709010	comment_author: 范家贝	atime: 2014-06-15 08:15:26	is_post: False - [pipelines.py:59]
2014-11-02 00:18:55,352 - youme_pipeline - INFO - Store comment to DB, post_id: 3542725	comment: 异乎三子撰，契彼五家禅。　既已出洙泗，从而师偓佺。	comment_author_id: 89709010	comment_author: 范家贝	atime: 2014-06-15 10:02:57	is_post: False - [pipelines.py:59]
2014-11-02 00:18:55,354 - youme_pipeline - INFO - Store comment to DB, post_id: 3542725	comment: 何期自性，本自清淨；何期自性，本不生滅；何期自性，本自具足；何期自性，本無動搖；何期自性，能生萬法。	comment_author_id: 89709010	comment_author: 范家贝	atime: 2014-06-15 11:47:46	is_post: False - [pipelines.py:59]
2014-11-02 00:18:55,356 - youme_pipeline - INFO - Store comment to DB, post_id: 3542725	comment: 有道理，感觉还是不够过瘾回帖一下回帖一下	comment_author_id: 89709010	comment_author: 范家贝	atime: 2014-06-15 13:38:27	is_post: False - [pipelines.py:59]
2014-11-02 00:18:55,357 - youme_pipeline - INFO - Store comment to DB, post_id: 3542725	comment: 风吹幡动，一僧曰:风动，一僧:曰幡动。六祖曰：仁者心动	comment_author_id: 89709010	comment_author: 范家贝	atime: 2014-06-15 15:27:27	is_post: False - [pipelines.py:59]
2014-11-02 00:18:55,358 - youme_pipeline - INFO - Store comment to DB, post_id: 3542725	comment: 过饮伤肝，暴食伤胃，用进废退，误人谬论	comment_author_id: 89709010	comment_author: 范家贝	atime: 2014-06-15 18:57:12	is_post: False - [pipelines.py:59]
2014-11-02 00:18:55,360 - youme_pipeline - INFO - Store comment to DB, post_id: 3542725	comment: 且有安期枣，与夫泰华莲。　　　　　高陵易为谷，沧海俄成田。	comment_author_id: 89709010	comment_author: 范家贝	atime: 2014-06-15 22:21:49	is_post: False - [pipelines.py:59]
2014-11-02 00:18:55,361 - youme_pipeline - INFO - Store comment to DB, post_id: 3542725	comment: 愿生西方净土中，九品莲花为父母，花开见佛悟无生，不退菩萨为伴侣。	comment_author_id: 89709010	comment_author: 范家贝	atime: 2014-06-16 00:04:06	is_post: False - [pipelines.py:59]
2014-11-02 00:18:55,362 - youme_pipeline - INFO - Store comment to DB, post_id: 3542725	comment: 肩依洪崖右，道在灵运前。　所得既天秘，与交又国贤。	comment_author_id: 89709010	comment_author: 范家贝	atime: 2014-06-16 14:37:11	is_post: False - [pipelines.py:59]
2014-11-02 00:18:55,365 - youme_pipeline - INFO - Store comment to DB, post_id: 3542725	comment: 一切众生，皆俱如来智慧德相，但因妄想执着，不能证得	comment_author_id: 89709010	comment_author: 范家贝	atime: 2014-06-16 16:24:51	is_post: False - [pipelines.py:59]
2014-11-02 00:18:55,368 - youme_pipeline - INFO - Store comment to DB, post_id: 3542725	comment: 事实，这些报应真的会有	comment_author_id: 86109658	comment_author: 吉雪88	atime: 2014-06-16 16:27:39	is_post: False - [pipelines.py:59]
2014-11-02 00:18:55,369 - youme_pipeline - INFO - Store comment to DB, post_id: 3542725	comment: 二八佳人体似酥，腰间仗剑斩愚夫。明里不见人头落，暗中教君骨髓枯。	comment_author_id: 89709010	comment_author: 范家贝	atime: 2014-06-16 20:50:13	is_post: False - [pipelines.py:59]
2014-11-02 00:18:55,370 - youme_pipeline - INFO - Store comment to DB, post_id: 3542725	comment: 愿生西方净土中，九品莲花为父母，花开见佛悟无生，不退菩萨为伴侣。	comment_author_id: 89709010	comment_author: 范家贝	atime: 2014-06-16 21:19:55	is_post: False - [pipelines.py:59]
2014-11-02 00:18:55,372 - youme_pipeline - INFO - Store comment to DB, post_id: 3542725	comment: 异乎三子撰，契彼五家禅。　既已出洙泗，从而师偓佺。	comment_author_id: 89709010	comment_author: 范家贝	atime: 2014-06-16 21:59:55	is_post: False - [pipelines.py:59]
2014-11-02 00:18:55,373 - youme_pipeline - INFO - Store comment to DB, post_id: 3542725	comment: 爱欲之人，犹如执炬，逆风而行，必有烧手之患	comment_author_id: 89709010	comment_author: 范家贝	atime: 2014-06-16 22:39:57	is_post: False - [pipelines.py:59]
2014-11-02 00:18:55,376 - youme_pipeline - INFO - Store comment to DB, post_id: 3542725	comment: 收藏了拜物教不会懂得蓬莱云渺渺，小有月娟娟。	comment_author_id: 89709010	comment_author: 范家贝	atime: 2014-06-17 03:18:48	is_post: False - [pipelines.py:59]
2014-11-02 00:18:55,377 - youme_pipeline - INFO - Store comment to DB, post_id: 3542725	comment: 拜谢	comment_author_id: 89709010	comment_author: 范家贝	atime: 2014-06-17 03:58:49	is_post: False - [pipelines.py:59]
2014-11-02 00:18:55,378 - youme_pipeline - INFO - Store comment to DB, post_id: 3542725	comment: 辇毂气所王，湖山乐无边。　　　　　飘然复何往，此去如蜕蝉。	comment_author_id: 89709010	comment_author: 范家贝	atime: 2014-06-17 05:18:51	is_post: False - [pipelines.py:59]
2014-11-02 00:18:55,379 - youme_pipeline - INFO - Store comment to DB, post_id: 3542725	comment: nice	comment_author_id: 89709010	comment_author: 范家贝	atime: 2014-06-17 05:58:52	is_post: False - [pipelines.py:59]
2014-11-02 00:18:55,381 - youme_pipeline - INFO - Store comment to DB, post_id: 3542725	comment: 南无大势至菩萨	comment_author_id: 89709010	comment_author: 范家贝	atime: 2014-06-17 06:38:52	is_post: False - [pipelines.py:59]
2014-11-02 00:18:55,387 - youme_pipeline - INFO - Store comment to DB, post_id: 3542725	comment: 云驶月运，舟行岸移	comment_author_id: 89709010	comment_author: 范家贝	atime: 2014-06-17 07:18:54	is_post: False - [pipelines.py:59]
2014-11-02 00:18:55,388 - youme_pipeline - INFO - Store comment to DB, post_id: 3542725	comment: 标记	comment_author_id: 89709010	comment_author: 范家贝	atime: 2014-06-17 08:38:29	is_post: False - [pipelines.py:59]
2014-11-02 00:18:55,391 - youme_pipeline - INFO - Store comment to DB, post_id: 3542725	comment: 菩提本无树，明镜亦非台，本来无一物，何处惹尘埃	comment_author_id: 89709010	comment_author: 范家贝	atime: 2014-06-17 09:18:29	is_post: False - [pipelines.py:59]
2014-11-02 00:18:55,392 - youme_pipeline - INFO - Store comment to DB, post_id: 3542725	comment: 醒世恒言　　值得学习	comment_author_id: 89709010	comment_author: 范家贝	atime: 2014-06-17 10:38:31	is_post: False - [pipelines.py:59]
2014-11-02 00:18:55,394 - youme_pipeline - INFO - Store comment to DB, post_id: 3542725	comment: 辇毂气所王，湖山乐无边。　　　　　飘然复何往，此去如蜕蝉。	comment_author_id: 89709010	comment_author: 范家贝	atime: 2014-06-17 11:17:41	is_post: False - [pipelines.py:59]
2014-11-02 00:18:55,396 - youme_pipeline - INFO - Store comment to DB, post_id: 3542725	comment: 水贴真水啊　　但愿正确的知见能够得以延续	comment_author_id: 89709010	comment_author: 范家贝	atime: 2014-06-17 11:56:51	is_post: False - [pipelines.py:59]
2014-11-02 00:18:55,398 - youme_pipeline - INFO - Store comment to DB, post_id: 3542725	comment: 太有道理了！高山仰止景行行止虽不能至心向往之	comment_author_id: 89709010	comment_author: 范家贝	atime: 2014-06-17 12:36:03	is_post: False - [pipelines.py:59]
2014-11-02 00:18:55,402 - youme_pipeline - INFO - Store comment to DB, post_id: 3542725	comment: 改天看	comment_author_id: 89709010	comment_author: 范家贝	atime: 2014-06-17 14:33:35	is_post: False - [pipelines.py:59]
2014-11-02 00:18:55,403 - youme_pipeline - INFO - Store comment to DB, post_id: 3542725	comment: 呵呵！姑妄听之	comment_author_id: 89709010	comment_author: 范家贝	atime: 2014-06-17 15:12:46	is_post: False - [pipelines.py:59]
2014-11-02 00:18:55,404 - youme_pipeline - INFO - Store comment to DB, post_id: 3542725	comment: 割掉吉吉岂不更好～你怎么看用进废退？	comment_author_id: 89709010	comment_author: 范家贝	atime: 2014-06-17 15:51:56	is_post: False - [pipelines.py:59]
2014-11-02 00:18:55,405 - youme_pipeline - INFO - Store comment to DB, post_id: 3542725	comment: 愿生西方净土中，九品莲花为父母，花开见佛悟无生，不退菩萨为伴侣。	comment_author_id: 89709010	comment_author: 范家贝	atime: 2014-06-17 17:53:26	is_post: False - [pipelines.py:59]
2014-11-02 00:18:55,406 - youme_pipeline - INFO - Store comment to DB, post_id: 3542725	comment: 菩提本无树，明镜亦非台，本来无一物，何处惹尘埃	comment_author_id: 89709010	comment_author: 范家贝	atime: 2014-06-17 19:30:36	is_post: False - [pipelines.py:59]
2014-11-02 00:18:55,407 - youme_pipeline - INFO - Store comment to DB, post_id: 3542725	comment: 拜物教不会懂得，他们要的是穷奢极欲、纸醉金迷的生活；他们要的是不在乎天长地久，只在乎一朝拥有！这同拜物教的国教有关！	comment_author_id: 89709010	comment_author: 范家贝	atime: 2014-06-17 20:19:10	is_post: False - [pipelines.py:59]
2014-11-02 00:18:55,409 - youme_pipeline - INFO - Store comment to DB, post_id: 3542725	comment: 多念地藏菩萨本愿经！回向给孩子！助他解脱早日投胎！	comment_author_id: 91088756	comment_author: 开始就等于结束	atime: 2014-06-17 20:23:08	is_post: False - [pipelines.py:59]
2014-11-02 00:18:55,410 - youme_pipeline - INFO - Store comment to DB, post_id: 3542725	comment: 阿弥陀佛，	comment_author_id: 90222937	comment_author: 善良mmmm	atime: 2014-06-17 20:30:42	is_post: False - [pipelines.py:59]
2014-11-02 00:18:55,412 - youme_pipeline - INFO - Store comment to DB, post_id: 3542725	comment: 上报四重恩　　下济三途苦	comment_author_id: 89709010	comment_author: 范家贝	atime: 2014-06-17 21:07:45	is_post: False - [pipelines.py:59]
2014-11-02 00:18:55,413 - youme_pipeline - INFO - Store comment to DB, post_id: 3542725	comment: 形而上学谓之道	comment_author_id: 89709010	comment_author: 范家贝	atime: 2014-06-17 21:56:19	is_post: False - [pipelines.py:59]
2014-11-02 00:18:55,414 - youme_pipeline - INFO - Store comment to DB, post_id: 3542725	comment: very good	comment_author_id: 89709010	comment_author: 范家贝	atime: 2014-06-17 23:33:28	is_post: False - [pipelines.py:59]
2014-11-02 00:18:55,417 - youme_pipeline - INFO - Store comment to DB, post_id: 3542725	comment: 可图大药资，以办买山钱。　　　　　东访鼎湖浪，西寻苍梧烟。	comment_author_id: 89709010	comment_author: 范家贝	atime: 2014-06-18 00:22:03	is_post: False - [pipelines.py:59]
2014-11-02 00:18:55,419 - youme_pipeline - INFO - Store comment to DB, post_id: 3542725	comment: 凡所有相,皆是虚妄	comment_author_id: 89709010	comment_author: 范家贝	atime: 2014-06-18 07:37:25	is_post: False - [pipelines.py:59]
2014-11-02 00:18:55,420 - youme_pipeline - INFO - Store comment to DB, post_id: 3542725	comment: 爱欲之人，犹如执炬，逆风而行，必有烧手之患	comment_author_id: 89709010	comment_author: 范家贝	atime: 2014-06-18 09:14:35	is_post: False - [pipelines.py:59]
2014-11-02 00:18:55,421 - youme_pipeline - INFO - Store comment to DB, post_id: 3542725	comment: 在文件共享中下载	comment_author_id: 89709010	comment_author: 范家贝	atime: 2014-06-18 19:46:39	is_post: False - [pipelines.py:59]
2014-11-02 00:18:55,423 - youme_pipeline - INFO - Store comment to DB, post_id: 3542725	comment: 爱欲之人，犹如执炬，逆风而行，必有烧手之患	comment_author_id: 89709010	comment_author: 范家贝	atime: 2014-06-18 21:23:08	is_post: False - [pipelines.py:59]
2014-11-02 00:18:55,424 - youme_pipeline - INFO - Store comment to DB, post_id: 3542725	comment: 有道理，感觉还是不够过瘾回帖一下回帖一下	comment_author_id: 89709010	comment_author: 范家贝	atime: 2014-06-18 22:10:02	is_post: False - [pipelines.py:59]
2014-11-02 00:18:55,425 - youme_pipeline - INFO - Store comment to DB, post_id: 3542725	comment: 被榨干就没了啊。	comment_author_id: 89709010	comment_author: 范家贝	atime: 2014-06-19 00:35:37	is_post: False - [pipelines.py:59]
2014-11-02 00:18:55,428 - youme_pipeline - INFO - Store comment to DB, post_id: 3542725	comment: 阿弥陀佛	comment_author_id: 91237310	comment_author: 李烨男1993	atime: 2014-06-19 00:40:13	is_post: False - [pipelines.py:59]
2014-11-02 00:18:55,430 - youme_pipeline - INFO - Store comment to DB, post_id: 3542725	comment: 太有道理了！高山仰止景行行止虽不能至心向往之	comment_author_id: 89709010	comment_author: 范家贝	atime: 2014-06-19 01:23:54	is_post: False - [pipelines.py:59]
2014-11-02 00:18:55,431 - youme_pipeline - INFO - Store comment to DB, post_id: 3542725	comment: 顷自七闽出，放焉迷市廛。　　　　　红尘刺人眼，名利交相煎。	comment_author_id: 89709010	comment_author: 范家贝	atime: 2014-06-19 02:12:29	is_post: False - [pipelines.py:59]
2014-11-02 00:18:55,432 - youme_pipeline - INFO - Store post to DB, post_id: 3542725	title: 堕胎之后常见的恶报(转载)	post_url: /post-feeling-3542725-1.shtml	author_id: 43899020	author: 急忙赶路的人	content: 堕胎之后常见的恶报	hits: 29491	replies: 1421	atime: 2014-01-09 19:07:00	is_post: True - [pipelines.py:50]
2014-11-02 00:18:57,172 - youme_pipeline - INFO - Store comment to DB, post_id: 3609458	comment: adeswqacdxzsaqtrdsaqw	comment_author_id: 88490110	comment_author: 姜栋羽艺	atime: 2014-03-26 21:51:45	is_post: False - [pipelines.py:59]
2014-11-02 00:18:57,173 - youme_pipeline - INFO - Store comment to DB, post_id: 3609458	comment: 报到学习，支持力顶！	comment_author_id: 78523211	comment_author: 周涛1115	atime: 2014-04-10 22:10:48	is_post: False - [pipelines.py:59]
2014-11-02 00:18:57,175 - youme_pipeline - INFO - Store comment to DB, post_id: 3609458	comment: 支持顶贴，我来了！	comment_author_id: 78523211	comment_author: 周涛1115	atime: 2014-04-11 13:37:33	is_post: False - [pipelines.py:59]
2014-11-02 00:18:57,176 - youme_pipeline - INFO - Store comment to DB, post_id: 3609458	comment: 顶！坚守承诺。	comment_author_id: 78523211	comment_author: 周涛1115	atime: 2014-04-12 11:49:04	is_post: False - [pipelines.py:59]
2014-11-02 00:18:57,177 - youme_pipeline - INFO - Store comment to DB, post_id: 3609458	comment: 感谢朋友的支持，看望问候朋友！	comment_author_id: 78523211	comment_author: 周涛1115	atime: 2014-04-13 13:16:17	is_post: False - [pipelines.py:59]
2014-11-02 00:18:57,179 - youme_pipeline - INFO - Store comment to DB, post_id: 3609458	comment: 力顶赞美！	comment_author_id: 78523211	comment_author: 周涛1115	atime: 2014-04-14 13:40:56	is_post: False - [pipelines.py:59]
2014-11-02 00:18:57,180 - youme_pipeline - INFO - Store comment to DB, post_id: 3609458	comment: 支持不中断，力顶好文章！	comment_author_id: 78523211	comment_author: 周涛1115	atime: 2014-04-15 14:34:03	is_post: False - [pipelines.py:59]
2014-11-02 00:18:57,181 - youme_pipeline - INFO - Store comment to DB, post_id: 3609458	comment: 兄弟大才，支持！	comment_author_id: 57827529	comment_author: 雪花与火花	atime: 2014-04-15 22:56:53	is_post: False - [pipelines.py:59]
2014-11-02 00:18:57,183 - youme_pipeline - INFO - Store comment to DB, post_id: 3609458	comment: 支持！顶帖！	comment_author_id: 78523211	comment_author: 周涛1115	atime: 2014-04-16 10:49:13	is_post: False - [pipelines.py:59]
2014-11-02 00:18:57,185 - youme_pipeline - INFO - Store comment to DB, post_id: 3609458	comment: 谢谢朋友的鼓励，我会继续的。	comment_author_id: 78523211	comment_author: 周涛1115	atime: 2014-04-16 10:50:01	is_post: False - [pipelines.py:59]
2014-11-02 00:18:57,186 - youme_pipeline - INFO - Store comment to DB, post_id: 3609458	comment: 国际一线大牌，不解释，自己看图，微信13381423170	comment_author_id: 73844382	comment_author: 有些女人苍	atime: 2014-04-16 10:53:59	is_post: False - [pipelines.py:59]
2014-11-02 00:18:57,187 - youme_pipeline - INFO - Store comment to DB, post_id: 3609458	comment: 支持佳作！继续力挺！	comment_author_id: 57827529	comment_author: 雪花与火花	atime: 2014-04-16 21:48:58	is_post: False - [pipelines.py:59]
2014-11-02 00:18:57,190 - youme_pipeline - INFO - Store comment to DB, post_id: 3609458	comment: 顶帖，不断地顶！	comment_author_id: 78523211	comment_author: 周涛1115	atime: 2014-04-17 17:28:18	is_post: False - [pipelines.py:59]
2014-11-02 00:18:57,195 - youme_pipeline - INFO - Store comment to DB, post_id: 3609458	comment: 谢谢你在我帖子上的留言，谢谢你对我的鼓励，我会继续的。	comment_author_id: 78523211	comment_author: 周涛1115	atime: 2014-04-17 17:29:47	is_post: False - [pipelines.py:59]
2014-11-02 00:18:57,199 - youme_pipeline - INFO - Store comment to DB, post_id: 3609458	comment: 欣赏，继续支持！	comment_author_id: 57827529	comment_author: 雪花与火花	atime: 2014-04-17 23:05:32	is_post: False - [pipelines.py:59]
2014-11-02 00:18:57,201 - youme_pipeline - INFO - Store comment to DB, post_id: 3609458	comment: @周涛1115    53楼 2014-04-17 17:29:47	comment_author_id: 78523211	comment_author: 周涛1115	atime: 2014-04-17 23:15:24	is_post: False - [pipelines.py:59]
2014-11-02 00:18:57,202 - youme_pipeline - INFO - Store comment to DB, post_id: 3609458	comment: 支持朋友义不容辞，十分感谢朋友对我的支持！	comment_author_id: 78523211	comment_author: 周涛1115	atime: 2014-04-18 13:12:19	is_post: False - [pipelines.py:59]
2014-11-02 00:18:57,204 - youme_pipeline - INFO - Store comment to DB, post_id: 3609458	comment: 拜读大作，继续支持！	comment_author_id: 88899176	comment_author: 若舟2014	atime: 2014-04-19 09:32:23	is_post: False - [pipelines.py:59]
2014-11-02 00:18:57,209 - youme_pipeline - INFO - Store comment to DB, post_id: 3609458	comment: 支持力顶，向你学习！	comment_author_id: 78523211	comment_author: 周涛1115	atime: 2014-04-19 13:22:54	is_post: False - [pipelines.py:59]
2014-11-02 00:18:57,219 - youme_pipeline - INFO - Store comment to DB, post_id: 3609458	comment: 朋友要注意休息，不要熬夜！	comment_author_id: 78523211	comment_author: 周涛1115	atime: 2014-04-19 13:40:57	is_post: False - [pipelines.py:59]
2014-11-02 00:18:57,220 - youme_pipeline - INFO - Store comment to DB, post_id: 3609458	comment: 拜读，继续支持！	comment_author_id: 88899176	comment_author: 若舟2014	atime: 2014-04-20 10:05:02	is_post: False - [pipelines.py:59]
2014-11-02 00:18:57,224 - youme_pipeline - INFO - Store comment to DB, post_id: 3609458	comment: 慰问朋友，力顶好文！	comment_author_id: 78523211	comment_author: 周涛1115	atime: 2014-04-20 15:21:11	is_post: False - [pipelines.py:59]
2014-11-02 00:18:57,225 - youme_pipeline - INFO - Store comment to DB, post_id: 3609458	comment: 致读者和网友们： 《一棵无名草》到这里还有两万字就要结束了，感谢你们的关爱和鼓励，感谢涯叔将拙作置顶，数次上人文、聚焦。我要继续努力，把后续部分呈现给诸位，请你们审阅。并留下宝贵意见。谢谢！	comment_author_id: 78523211	comment_author: 周涛1115	atime: 2014-04-21 09:59:02	is_post: False - [pipelines.py:59]
2014-11-02 00:18:57,227 - youme_pipeline - INFO - Store comment to DB, post_id: 3609458	comment: 支持朋友，力顶大作！	comment_author_id: 78523211	comment_author: 周涛1115	atime: 2014-04-22 11:18:12	is_post: False - [pipelines.py:59]
2014-11-02 00:18:57,229 - youme_pipeline - INFO - Store comment to DB, post_id: 3609458	comment: 能为你顶帖是我的缘分，我十分珍惜！	comment_author_id: 78523211	comment_author: 周涛1115	atime: 2014-04-23 14:36:35	is_post: False - [pipelines.py:59]
2014-11-02 00:18:57,233 - youme_pipeline - INFO - Store post to DB, post_id: 3609458	title: 三个女人的悲欢离合 《欲罢黄昏》一一电视连绩剧文学剧本	post_url: /post-feeling-3609458-1.shtml	author_id: 87122944	author: 老邪8	content: 欲罢黄昏(电视连续剧文学剧本)鲁娅指着杨风对杨虹说:这位你大概认得,他是琼姐的老公,怎么样很帅吧?晚 曾正家晚  旌湖边夜 杨虹家夜  旌湖边夜  方成功家夜  娱乐厅夜  旌湖边夜 娱乐厅夜 旌湖边夜 方成功家夜  杨风家早晨 杨风家上午 长江东路上午 娱乐厅门口上午 红原厂门口晚上 歌舞厅第二集白天 红原厂白天 红原厂白天红 原厂门口白天 工具库@席齐家波 22楼 2014-04-06 22:55:41白天 空库房白天 车间会议室白天  空库房@周涛1115 28楼 2014-04-11 13:37:33白天 车间会议室@周涛1115 31楼 2014-04-12 11:49:04白天 精工车间@周涛1115 36楼 2014-04-14 13:40:56白天 会议室@周涛1115 38楼 2014-04-15 14:34:03@雪花与火花 39楼 2014-04-15 22:56:53龙泉:都,都在上班呀!你看。他指着办公室的人说:他们都在。白天 会议室@周涛1115 44楼 2014-04-16 10:49:13@周涛1115 45楼 2014-04-16 10:50:01曾正火了:胡扯!且不怪你如此说我们的职工,就说你下的这朱玉琼,还有这个,这个.....他们都是企业生产和管理的骨干,有的还是连续几年的省市级劳模。他们虽然年纪大一点,但他们是企业的脊梁啊!可你把他们都下了,你配做一名车间主任吗?白天 方成功办公室@雪花与火花 51楼 2014-04-16 21:48:58@周涛1115 53楼 2014-04-17 17:29:47龙泉:且止我们车间,全厂职工的思想都很活跃。到处都在议论。方成功:问题也不能全怪老厂长,我们包括我自已也有责任嘛!他又吸了口烟,吐出浓浓的烟雾。方成功:问题也不能全怪老厂长,我们包括我自已也有责任嘛!他又吸了口烟,吐出浓浓的烟雾。白天 方成功办公室。@周涛1115    53楼 2014-04-17 17:29:47白天 会议室白天 厂门口小市白天 厂门口小市白天 会议室@周涛1115 70楼 2014-04-19 13:22:54@周涛1115 71楼 2014-04-19 13:40:57白天 方成功办公室@若舟2014 75楼 2014-04-20 10:05:02@周涛1115 76楼 2014-04-20 15:21:11杨虹:深圳真的能赚钱吗?中午 厂门外小市中午 娱乐厅包间@周涛1115 81楼 2014-04-21 09:59:02中午 厂门外小市中午  娱乐厅包间中午 曾正家早晨 杨虹家@周涛1115 87楼 2014-04-22 11:18:12中午 杨虹家夜 杨虹卧室	hits: 21517	replies: 1701	atime: 2014-03-26 17:06:00	is_post: True - [pipelines.py:50]
2014-11-02 00:18:58,092 - youme_pipeline - INFO - Store comment to DB, post_id: 3801541	comment: 你还真是个，感情小白啊	comment_author_id: 95331011	comment_author: 火影网赚分享	atime: 2014-11-01 23:36:50	is_post: False - [pipelines.py:59]
2014-11-02 00:18:58,095 - youme_pipeline - INFO - Store comment to DB, post_id: 3801541	comment: 	comment_author_id: 96002589	comment_author: 丹姐我醉了贡	atime: 2014-11-01 23:49:10	is_post: False - [pipelines.py:59]
2014-11-02 00:18:58,099 - youme_pipeline - INFO - Store comment to DB, post_id: 3801541	comment: be	comment_author_id: 79986153	comment_author: 西西里岛2013	atime: 2014-11-02 00:18:35	is_post: False - [pipelines.py:59]
2014-11-02 00:18:58,108 - youme_pipeline - INFO - Store post to DB, post_id: 3801541	title: 冷战时期，我该怎么办	post_url: /post-feeling-3801541-1.shtml	author_id: 55957032	author: a15134	content: 周二晚上跟一个中意的女孩含蓄的表白了，她拒绝了说只能当朋友，保持距离，第二天见面以为会很尴尬，结果很顺利的度过了一天，最近晚上睡觉老梦见她，一次又一次的梦见(我自己平时可不做梦的）失眠严重，大概就睡了3-4小时吧！今天早上不知道怎么，一天不跟我说话，我也不跟她说话，好像进入了冷战！跟其他人说说笑笑的…我看着心里酸溜溜的，很不是滋味！她在前走，我在后面，我很想快步走上去，但是最后没有…我该继续厚脸皮的解冻吗？我该怎么办！其实以前我们只能算聊的来，上周末我厚脸皮的跑去她家做了顿饭给她吃，期间也还算好，没看出不满什么之类的…我人比较嘴笨，只会用实际行动去表达我对她的心声！我认定她是个好老婆的人选…现在这样冷战，该如何结束……如何开始……。	hits: 33	replies: 3	atime: 2014-11-01 23:29:00	is_post: True - [pipelines.py:50]
2014-11-02 00:19:07,226 - youme_pipeline - INFO - Store comment to DB, post_id: 994331	comment: sf ，哈哈。关注楼主！	comment_author_id: 21639204	comment_author: 香酥鸡土豆饼	atime: 2009-01-23 17:09:31	is_post: False - [pipelines.py:59]
2014-11-02 00:19:07,228 - youme_pipeline - INFO - Store comment to DB, post_id: 994331	comment: 沙发	comment_author_id: 17526145	comment_author: 龍行虎步	atime: 2009-01-23 17:10:00	is_post: False - [pipelines.py:59]
2014-11-02 00:19:07,229 - youme_pipeline - INFO - Store comment to DB, post_id: 994331	comment: 板凳	comment_author_id: 17526145	comment_author: 龍行虎步	atime: 2009-01-23 17:13:43	is_post: False - [pipelines.py:59]
2014-11-02 00:19:07,230 - youme_pipeline - INFO - Store comment to DB, post_id: 994331	comment: 近距离观察	comment_author_id: 18454575	comment_author: qq380372971	atime: 2009-01-23 17:16:36	is_post: False - [pipelines.py:59]
2014-11-02 00:19:07,232 - youme_pipeline - INFO - Store comment to DB, post_id: 994331	comment: 我喜欢看这些暧昧的记录，小鸡冻一下	comment_author_id: 21603478	comment_author: 目目言香	atime: 2009-01-23 17:20:25	is_post: False - [pipelines.py:59]
2014-11-02 00:19:07,234 - youme_pipeline - INFO - Store comment to DB, post_id: 994331	comment: 继续说完	comment_author_id: 13668464	comment_author: wxfihc	atime: 2009-01-23 17:21:52	is_post: False - [pipelines.py:59]
2014-11-02 00:19:07,235 - youme_pipeline - INFO - Store comment to DB, post_id: 994331	comment: 最终你还是被他必然的伤害了	comment_author_id: 292349	comment_author: qaz007	atime: 2009-01-23 17:28:52	is_post: False - [pipelines.py:59]
2014-11-02 00:19:07,237 - youme_pipeline - INFO - Store comment to DB, post_id: 994331	comment: 楼主超级礼貌，好品德！	comment_author_id: 21639204	comment_author: 香酥鸡土豆饼	atime: 2009-01-23 17:47:07	is_post: False - [pipelines.py:59]
2014-11-02 00:19:07,238 - youme_pipeline - INFO - Store comment to DB, post_id: 994331	comment: 何必呢  开始一个又伤害自己的没来由的 人  能轻易向你表白的男人 他也不过是你生命里的过客 都是成年人偶而借肩膀靠一下 时间	comment_author_id: 19811360	comment_author: 294076034	atime: 2009-01-23 17:47:23	is_post: False - [pipelines.py:59]
2014-11-02 00:19:07,241 - youme_pipeline - INFO - Store comment to DB, post_id: 994331	comment: 小暧昧一下是可以的，被人追求的女人会焕发生命的光彩	comment_author_id: 21541971	comment_author: 一宅一生09	atime: 2009-01-23 21:19:56	is_post: False - [pipelines.py:59]
2014-11-02 00:19:07,244 - youme_pipeline - INFO - Store comment to DB, post_id: 994331	comment: 日后再说	comment_author_id: 16063451	comment_author: 香格里拉大帝	atime: 2009-01-23 21:25:57	is_post: False - [pipelines.py:59]
2014-11-02 00:19:07,245 - youme_pipeline - INFO - Store comment to DB, post_id: 994331	comment: 没下文了？ 这个男人有点骚哦	comment_author_id: 12301255	comment_author: zilch2007	atime: 2009-01-23 21:34:37	is_post: False - [pipelines.py:59]
2014-11-02 00:19:07,246 - youme_pipeline - INFO - Store comment to DB, post_id: 994331	comment: 这个，个人感觉，LZ还是不要再跟那个男的有任何联系的好，不管手机还是QQ	comment_author_id: 15148002	comment_author: vera_syw	atime: 2009-01-23 21:38:58	is_post: False - [pipelines.py:59]
2014-11-02 00:19:07,253 - youme_pipeline - INFO - Store comment to DB, post_id: 994331	comment: 关注	comment_author_id: 21362219	comment_author: 二四九月	atime: 2009-01-23 22:02:03	is_post: False - [pipelines.py:59]
2014-11-02 00:19:07,257 - youme_pipeline - INFO - Store comment to DB, post_id: 994331	comment: 楼主遇见高手了	comment_author_id: 14236025	comment_author: hd3850	atime: 2009-01-23 22:12:20	is_post: False - [pipelines.py:59]
2014-11-02 00:19:07,259 - youme_pipeline - INFO - Store comment to DB, post_id: 994331	comment: 其实，每个人要过好当下是比较难的，关键是要过自己喜欢的生活！	comment_author_id: 21647074	comment_author: jiangjie_791113	atime: 2009-01-23 22:21:12	is_post: False - [pipelines.py:59]
2014-11-02 00:19:07,260 - youme_pipeline - INFO - Store comment to DB, post_id: 994331	comment: qwr	comment_author_id: 21556264	comment_author: 我是算卦的	atime: 2009-01-23 22:23:38	is_post: False - [pipelines.py:59]
2014-11-02 00:19:07,262 - youme_pipeline - INFO - Store comment to DB, post_id: 994331	comment: lz 你为什么要跟驴子爬山？	comment_author_id: 12301255	comment_author: zilch2007	atime: 2009-01-23 22:25:06	is_post: False - [pipelines.py:59]
2014-11-02 00:19:07,264 - youme_pipeline - INFO - Store comment to DB, post_id: 994331	comment: lz你平时没什么兴趣爱好吗， 可以考虑去学一些	comment_author_id: 12301255	comment_author: zilch2007	atime: 2009-01-23 22:31:15	is_post: False - [pipelines.py:59]
2014-11-02 00:19:07,266 - youme_pipeline - INFO - Store comment to DB, post_id: 994331	comment: 心酸的飘过。。。	comment_author_id: 7243468	comment_author: 魅力自信女人	atime: 2009-01-23 22:32:24	is_post: False - [pipelines.py:59]
2014-11-02 00:19:07,268 - youme_pipeline - INFO - Store comment to DB, post_id: 994331	comment: 那就试着看看能不能柏拉图性爱吧，也就是精神恋爱	comment_author_id: 21541971	comment_author: 一宅一生09	atime: 2009-01-23 22:44:31	is_post: False - [pipelines.py:59]
2014-11-02 00:19:07,270 - youme_pipeline - INFO - Store comment to DB, post_id: 994331	comment: 我确定这个男人在发骚， 要是lz对他没有好感的话， 应该会觉得很恶心吧。 如果有好感应该还蛮享受的。	comment_author_id: 12301255	comment_author: zilch2007	atime: 2009-01-23 22:44:34	is_post: False - [pipelines.py:59]
2014-11-02 00:19:07,271 - youme_pipeline - INFO - Store comment to DB, post_id: 994331	comment: 一早就发信息，当你老公是空气？？	comment_author_id: 21541971	comment_author: 一宅一生09	atime: 2009-01-23 22:46:34	is_post: False - [pipelines.py:59]
2014-11-02 00:19:07,273 - youme_pipeline - INFO - Store comment to DB, post_id: 994331	comment: 	comment_author_id: 11272772	comment_author: 爱爱国人士	atime: 2009-01-23 23:11:13	is_post: False - [pipelines.py:59]
2014-11-02 00:19:07,275 - youme_pipeline - INFO - Store comment to DB, post_id: 994331	comment: 楼主这个躲着老公在这里更新真的难为你了。既然你和你老公这么年轻就没有感情了，为什么还要维持呢？真的是为孩子好吗？你现在这样精神出轨，我看不比离婚好到哪里去。	comment_author_id: 21648298	comment_author: 妞妞喵	atime: 2009-01-23 23:18:58	is_post: False - [pipelines.py:59]
2014-11-02 00:19:07,278 - youme_pipeline - INFO - Store comment to DB, post_id: 994331	comment: 	comment_author_id: 21021227	comment_author: xinzailiuxue2008	atime: 2009-01-23 23:26:05	is_post: False - [pipelines.py:59]
2014-11-02 00:19:07,280 - youme_pipeline - INFO - Store comment to DB, post_id: 994331	comment: 作者：飘浮在空气中的爱　回复日期：2009-01-23　22:40:52	comment_author_id: 21541971	comment_author: 一宅一生09	atime: 2009-01-23 23:26:45	is_post: False - [pipelines.py:59]
2014-11-02 00:19:07,283 - youme_pipeline - INFO - Store comment to DB, post_id: 994331	comment: 产生这种情感很真实，	comment_author_id: 21648405	comment_author: qq16789	atime: 2009-01-23 23:32:37	is_post: False - [pipelines.py:59]
2014-11-02 00:19:07,284 - youme_pipeline - INFO - Store comment to DB, post_id: 994331	comment: 好 ！！！！继续明天来	comment_author_id: 21381053	comment_author: 3078555	atime: 2009-01-23 23:35:19	is_post: False - [pipelines.py:59]
2014-11-02 00:19:07,286 - youme_pipeline - INFO - Store comment to DB, post_id: 994331	comment: 留名	comment_author_id: 17526145	comment_author: 龍行虎步	atime: 2009-01-23 23:46:39	is_post: False - [pipelines.py:59]
2014-11-02 00:19:07,288 - youme_pipeline - INFO - Store comment to DB, post_id: 994331	comment: 太无聊了，不要浪费时间在这种毫无意义的事情上面。	comment_author_id: 2728810	comment_author: 良末	atime: 2009-01-23 23:52:51	is_post: False - [pipelines.py:59]
2014-11-02 00:19:07,289 - youme_pipeline - INFO - Store comment to DB, post_id: 994331	comment: 感觉很危险，希望楼主还是以家庭为重，你应该把时间花在和你LG沟通上，如果你们之间一直都这样冷淡出轨是迟早的，就算没有这个男的也会出现下一个，还是建议楼主把经理放在家庭中，让你LG了解你的想法和需要（如果你还爱他），同时也多关心你LG的需要，夫妻之间没有沟通这样的婚姻迟早是要解体的，希望楼主还是先在家庭中和LG一起努力下吧，人要懂得珍惜！	comment_author_id: 1799172	comment_author: malie0	atime: 2009-01-23 23:53:33	is_post: False - [pipelines.py:59]
2014-11-02 00:19:07,291 - youme_pipeline - INFO - Store comment to DB, post_id: 994331	comment: LZ这样的女人现在难求啊	comment_author_id: 8219691	comment_author: 锄禾1	atime: 2009-01-24 00:27:42	is_post: False - [pipelines.py:59]
2014-11-02 00:19:07,292 - youme_pipeline - INFO - Store comment to DB, post_id: 994331	comment: 有点意思...	comment_author_id: 17934655	comment_author: 越堕落愈寂寞	atime: 2009-01-24 03:59:21	is_post: False - [pipelines.py:59]
2014-11-02 00:19:07,292 - youme_pipeline - INFO - Store comment to DB, post_id: 994331	comment: uuuu	comment_author_id: 16030966	comment_author: qqq2819182930	atime: 2009-01-24 09:23:24	is_post: False - [pipelines.py:59]
2014-11-02 00:19:07,297 - youme_pipeline - INFO - Store comment to DB, post_id: 994331	comment: 太无聊了	comment_author_id: 21167534	comment_author: 恋上寂寞的床	atime: 2009-01-24 09:39:20	is_post: False - [pipelines.py:59]
2014-11-02 00:19:07,298 - youme_pipeline - INFO - Store comment to DB, post_id: 994331	comment: 狼情妾意啊，小心玩暧昧玩上火。	comment_author_id: 19859813	comment_author: caiqiao2009	atime: 2009-01-24 09:53:42	is_post: False - [pipelines.py:59]
2014-11-02 00:19:07,300 - youme_pipeline - INFO - Store comment to DB, post_id: 994331	comment: 楼主说自己长的漂亮身材也好，姑且信了吧，有句话：好看的女人都是婊子，这话没错，尤其看了楼主这贴之后。你所谓老公的出轨只是借口而已。对待老公的出轨，要么就离婚，要么就好好过，你这算什么事。	comment_author_id: 1353760	comment_author: 革命小酒天天有	atime: 2009-01-24 09:58:13	is_post: False - [pipelines.py:59]
2014-11-02 00:19:07,301 - youme_pipeline - INFO - Store comment to DB, post_id: 994331	comment: 我建议，不要带上孩子，如果就算离婚了，孩子都是懂得起的。	comment_author_id: 2192207	comment_author: davidman	atime: 2009-01-24 10:06:59	is_post: False - [pipelines.py:59]
2014-11-02 00:19:07,303 - youme_pipeline - INFO - Store comment to DB, post_id: 994331	comment: 阿姨 你已经出轨啦 已在精神上背叛了你的老公 不是么 换个。角度思考一下 如果你亲爱的老公和另外一个女人这样暧昧 你会有什么反应  趁你老公还不知道  抓紧结束你和他的暧昧吧  否则后果不堪设想 祝你幸福·······	comment_author_id: 21612705	comment_author: 王子待娶	atime: 2009-01-24 10:35:05	is_post: False - [pipelines.py:59]
2014-11-02 00:19:07,304 - youme_pipeline - INFO - Store comment to DB, post_id: 994331	comment: 暧昧真的这么诱人吗？还是仅仅是给沉闷的生活找个透气的窗口？还是要证明自己还有魅力？	comment_author_id: 21642373	comment_author: yinyin1204	atime: 2009-01-24 10:59:44	is_post: False - [pipelines.py:59]
2014-11-02 00:19:07,305 - youme_pipeline - INFO - Store comment to DB, post_id: 994331	comment: 可以理解，生活中有很多无法预料的事情，生活在这个世界上会经历很多的事情，正常！只是要看你怎样去面对和怎样处理，处理不好的话连会连朋友都没得做的喔！	comment_author_id: 3324279	comment_author: 雾中雪莲	atime: 2009-01-24 11:08:46	is_post: False - [pipelines.py:59]
2014-11-02 00:19:07,306 - youme_pipeline - INFO - Store comment to DB, post_id: 994331	comment: 唉~还是不要和这个男人接触了，他的意图很明显的	comment_author_id: 9564425	comment_author: emmatt	atime: 2009-01-24 11:30:55	is_post: False - [pipelines.py:59]
2014-11-02 00:19:07,307 - youme_pipeline - INFO - Store comment to DB, post_id: 994331	comment: 记号，回头在看！！！	comment_author_id: 21639687	comment_author: dushiqier	atime: 2009-01-24 12:30:40	is_post: False - [pipelines.py:59]
2014-11-02 00:19:07,308 - youme_pipeline - INFO - Store comment to DB, post_id: 994331	comment: 楼主不要迷惑了。	comment_author_id: 1324165	comment_author: 寒鸦飞尽	atime: 2009-01-24 13:17:58	is_post: False - [pipelines.py:59]
2014-11-02 00:19:07,310 - youme_pipeline - INFO - Store comment to DB, post_id: 994331	comment: 作者：飘浮在空气中的爱　回复日期：2009-01-24　11:09:40	comment_author_id: 21639204	comment_author: 香酥鸡土豆饼	atime: 2009-01-24 15:28:59	is_post: False - [pipelines.py:59]
2014-11-02 00:19:07,311 - youme_pipeline - INFO - Store comment to DB, post_id: 994331	comment: 作为一个女人,我也在生活中遇到这样或那样的诱惑.当我有些不能自控的时候我就想,我年轻时嫁了老公,那么青春美丽,可以说在老公那里实现了一个女人的最大值,老公应该是这个世界上最爱我的人,虽然他没能表现出他的爱,自己在他心中的份量一定不会轻.现在已不太年轻了,别人会真心喜欢我吗,想来心都是虚的.所以我总会及时止步.全心全意把心放在家人身上.	comment_author_id: 21565631	comment_author: 夏蝉儿	atime: 2009-01-24 16:03:11	is_post: False - [pipelines.py:59]
2014-11-02 00:19:07,311 - youme_pipeline - INFO - Store comment to DB, post_id: 994331	comment: 作者：飘浮在空气中的爱　回复日期：2009-01-24　18:04:53	comment_author_id: 21565631	comment_author: 夏蝉儿	atime: 2009-01-24 19:00:48	is_post: False - [pipelines.py:59]
2014-11-02 00:19:07,312 - youme_pipeline - INFO - Store comment to DB, post_id: 994331	comment: 那不是爱!绝对不是!是你我这样的凡人在平淡生活中的一种期许,一种逃离,一种寻觅.......	comment_author_id: 20790142	comment_author: hpjvb999	atime: 2009-01-24 19:10:46	is_post: False - [pipelines.py:59]
2014-11-02 00:19:07,313 - youme_pipeline - INFO - Store comment to DB, post_id: 994331	comment: 我老公也说过类似这种话,除了他,就是有人要我也不是真心的,说实在的,这句话打到我七寸了……他也说过，你胆小，你要面子，所以你不会的。呵呵，被他看穿了。	comment_author_id: 21565631	comment_author: 夏蝉儿	atime: 2009-01-24 19:31:09	is_post: False - [pipelines.py:59]
2014-11-02 00:19:07,315 - youme_pipeline - INFO - Store comment to DB, post_id: 994331	comment: 我觉得主人公很悲哀,你的故事让我想起了就在不久前，我与我女友分手的事,跟我女友相爱了两年多,可有一次不经意间让我发现了她出轨的短信,为了确认此事,我特地找她谈了,最后她承认了,但她说还没实际的事实发生,我说,你这是感情精神出轨,精神出轨离肉体出轨也就不远了,当时我问她,为什么要这样,她说,跟我一起,她感到腻了,当我听到这话,二话没说,我就甩手而去,我把她KICK 了^	comment_author_id: 21656244	comment_author: 微雨独行_Dim	atime: 2009-01-24 19:32:23	is_post: False - [pipelines.py:59]
2014-11-02 00:19:07,325 - youme_pipeline - INFO - Store comment to DB, post_id: 994331	comment: 作者：飘浮在空气中的爱　回复日期：2009-01-24　19:12:12	comment_author_id: 12301255	comment_author: zilch2007	atime: 2009-01-24 19:35:36	is_post: False - [pipelines.py:59]
2014-11-02 00:19:07,332 - youme_pipeline - INFO - Store comment to DB, post_id: 994331	comment: 楼主没回复我阿 伤心阿  是不是叫阿姨生气了阿 对不起阿	comment_author_id: 21612705	comment_author: 王子待娶	atime: 2009-01-24 19:43:29	is_post: False - [pipelines.py:59]
2014-11-02 00:19:07,335 - youme_pipeline - INFO - Store comment to DB, post_id: 994331	comment: 女人一生会经历无数个男人..	comment_author_id: 17934655	comment_author: 越堕落愈寂寞	atime: 2009-01-24 21:19:43	is_post: False - [pipelines.py:59]
2014-11-02 00:19:07,336 - youme_pipeline - INFO - Store comment to DB, post_id: 994331	comment: 	comment_author_id: 21021227	comment_author: xinzailiuxue2008	atime: 2009-01-24 22:33:14	is_post: False - [pipelines.py:59]
2014-11-02 00:19:07,338 - youme_pipeline - INFO - Store comment to DB, post_id: 994331	comment: 	comment_author_id: 21021227	comment_author: xinzailiuxue2008	atime: 2009-01-24 22:40:34	is_post: False - [pipelines.py:59]
2014-11-02 00:19:07,339 - youme_pipeline - INFO - Store comment to DB, post_id: 994331	comment: 其实生活还是需要点色彩，只要双方遵守规则。我支持你	comment_author_id: 21266799	comment_author: 至今至爱	atime: 2009-01-24 23:51:43	is_post: False - [pipelines.py:59]
2014-11-02 00:19:07,340 - youme_pipeline - INFO - Store comment to DB, post_id: 994331	comment: 很不看好你的这个故事。	comment_author_id: 2728810	comment_author: 良末	atime: 2009-01-25 00:49:41	is_post: False - [pipelines.py:59]
2014-11-02 00:19:07,341 - youme_pipeline - INFO - Store comment to DB, post_id: 994331	comment: 如果楼主能做到，享受而不沉沦，清醒而不混沌，那适度的暧昧是幸福生活的添加剂，也可以给你带来自信和风采。	comment_author_id: 1324165	comment_author: 寒鸦飞尽	atime: 2009-01-25 09:33:22	is_post: False - [pipelines.py:59]
2014-11-02 00:19:07,343 - youme_pipeline - INFO - Store comment to DB, post_id: 994331	comment: 昨晚我也接到了初中同学的电话，一个当年情窦初开时喜欢我的男生，明知道他喜欢我，但是那个年代的我，是不会允许自己早恋的	comment_author_id: 21541971	comment_author: 一宅一生09	atime: 2009-01-25 11:29:16	is_post: False - [pipelines.py:59]
2014-11-02 00:19:07,346 - youme_pipeline - INFO - Store comment to DB, post_id: 994331	comment: 	comment_author_id: 21021227	comment_author: xinzailiuxue2008	atime: 2009-01-25 12:01:27	is_post: False - [pipelines.py:59]
2014-11-02 00:19:07,347 - youme_pipeline - INFO - Store comment to DB, post_id: 994331	comment: 如果连自己都不清楚的感觉,你能说那是爱还是人仅仅所需要的欲望呢.	comment_author_id: 1089698	comment_author: 雪人莫依尘	atime: 2009-01-25 12:08:33	is_post: False - [pipelines.py:59]
2014-11-02 00:19:07,349 - youme_pipeline - INFO - Store comment to DB, post_id: 994331	comment: 老公曾经和别的女人的暖味程度绝对比我深得多,我曾经看过那个女人发来的信息,更露骨，更恶心．	comment_author_id: 21612705	comment_author: 王子待娶	atime: 2009-01-25 12:36:11	is_post: False - [pipelines.py:59]
2014-11-02 00:19:07,350 - youme_pipeline - INFO - Store comment to DB, post_id: 994331	comment: 安心过年吧	comment_author_id: 15025040	comment_author: 八爪鱼的马甲	atime: 2009-01-25 12:53:43	is_post: False - [pipelines.py:59]
2014-11-02 00:19:07,351 - youme_pipeline - INFO - Store comment to DB, post_id: 994331	comment: 楼主内心已经陷进去了。	comment_author_id: 18815583	comment_author: mz2209718	atime: 2009-01-25 13:14:08	is_post: False - [pipelines.py:59]
2014-11-02 00:19:07,353 - youme_pipeline - INFO - Store comment to DB, post_id: 994331	comment: 很同情搂住的遭遇，一切都是命运的安排吧。我不知道那个男人是一个什么样的男人。	comment_author_id: 1368696	comment_author: 第七维	atime: 2009-01-25 16:30:08	is_post: False - [pipelines.py:59]
2014-11-02 00:19:07,354 - youme_pipeline - INFO - Store comment to DB, post_id: 994331	comment: 一个寂寞,空虚的女人	comment_author_id: 18494957	comment_author: trfgyujh	atime: 2009-01-25 16:49:28	is_post: False - [pipelines.py:59]
2014-11-02 00:19:07,356 - youme_pipeline - INFO - Store comment to DB, post_id: 994331	comment: 这世上哪来这么多婚外情，是一种时尚？还是现在的人多情	comment_author_id: 21255693	comment_author: LDJ时尚健康	atime: 2009-01-25 21:24:56	is_post: False - [pipelines.py:59]
2014-11-02 00:19:07,369 - youme_pipeline - INFO - Store comment to DB, post_id: 994331	comment: 最近以来,在天涯上看见的东西总是让人感觉世界在变,变得不知道什么是对,什么是错......	comment_author_id: 20790142	comment_author: hpjvb999	atime: 2009-01-25 22:54:06	is_post: False - [pipelines.py:59]
2014-11-02 00:19:07,371 - youme_pipeline - INFO - Store comment to DB, post_id: 994331	comment: 看不懂	comment_author_id: 21671744	comment_author: 马洲老骥	atime: 2009-01-26 13:51:21	is_post: False - [pipelines.py:59]
2014-11-02 00:19:07,371 - youme_pipeline - INFO - Store comment to DB, post_id: 994331	comment: 作者似乎是男性，在介绍自己的浪漫史呀	comment_author_id: 21671744	comment_author: 马洲老骥	atime: 2009-01-26 13:52:16	is_post: False - [pipelines.py:59]
2014-11-02 00:19:07,372 - youme_pipeline - INFO - Store comment to DB, post_id: 994331	comment: 深不见人,情不见意!~!	comment_author_id: 21674994	comment_author: jsjhsmg456	atime: 2009-01-26 19:21:16	is_post: False - [pipelines.py:59]
2014-11-02 00:19:07,372 - youme_pipeline - INFO - Store comment to DB, post_id: 994331	comment: 楼主是个好女人！	comment_author_id: 21394822	comment_author: ziyoudefeng2008	atime: 2009-01-26 19:54:11	is_post: False - [pipelines.py:59]
2014-11-02 00:19:07,374 - youme_pipeline - INFO - Store comment to DB, post_id: 994331	comment: 把你儿子放家里去	comment_author_id: 13091968	comment_author: theyeartheday	atime: 2009-01-26 20:11:57	is_post: False - [pipelines.py:59]
2014-11-02 00:19:07,380 - youme_pipeline - INFO - Store comment to DB, post_id: 994331	comment: 	comment_author_id: 20716485	comment_author: 温柔触摸	atime: 2009-01-26 20:16:52	is_post: False - [pipelines.py:59]
2014-11-02 00:19:07,382 - youme_pipeline - INFO - Store comment to DB, post_id: 994331	comment: 继续MARK	comment_author_id: 17934655	comment_author: 越堕落愈寂寞	atime: 2009-01-26 21:33:51	is_post: False - [pipelines.py:59]
2014-11-02 00:19:07,383 - youme_pipeline - INFO - Store comment to DB, post_id: 994331	comment: LZ,新年快乐！	comment_author_id: 14053885	comment_author: lukas44	atime: 2009-01-26 21:54:22	is_post: False - [pipelines.py:59]
2014-11-02 00:19:07,387 - youme_pipeline - INFO - Store comment to DB, post_id: 994331	comment: 	comment_author_id: 18494957	comment_author: trfgyujh	atime: 2009-01-27 01:59:38	is_post: False - [pipelines.py:59]
2014-11-02 00:19:07,388 - youme_pipeline - INFO - Store comment to DB, post_id: 994331	comment: 去开房吧!感觉应该不错!想想地震后你还活着好幸福.好的婚姻也需要补偿,需要调济!不需要怨妇!	comment_author_id: 21661896	comment_author: jvjv88	atime: 2009-01-27 21:35:58	is_post: False - [pipelines.py:59]
2014-11-02 00:19:07,394 - youme_pipeline - INFO - Store comment to DB, post_id: 994331	comment: 乘现在还没有出轨，清醒吧，一旦踏出去了就收不回来了~	comment_author_id: 19958039	comment_author: 夏花如兰	atime: 2009-01-27 22:06:56	is_post: False - [pipelines.py:59]
2014-11-02 00:19:07,396 - youme_pipeline - INFO - Store comment to DB, post_id: 994331	comment: 现在还在挣扎说明你还是好女人哈~	comment_author_id: 19958039	comment_author: 夏花如兰	atime: 2009-01-27 22:08:18	is_post: False - [pipelines.py:59]
2014-11-02 00:19:07,398 - youme_pipeline - INFO - Store comment to DB, post_id: 994331	comment: 感觉你老公快把你丢了，他太粗心大意了。做为一个男人，我真的很想告诉你，猎艳、玩暧昧是男人的本性，在不影响他自身安全的情况下，他是很乐意出轨的，可是一旦你们有了实质性的接触，同时你们的这种交往一旦有可能大白于天下，影响到那个男人的正常生活时，那个猎艳的男人会毫不留情的离开你的，请想信我！你的老公只是太粗心了，这是他的错，但是在你还没有充分了解那个暧昧男人时，你要保持安静，因为激情过后会是万丈深渊。掉下去的往往是那个悲情的女人，当然没有体验过，不会知道后果是什么。这里只能祝愿楼主，希望那个粗心大意的男人可以发现身边的金子，同时也祝愿楼主可以找回自己的真爱。。。。。。	comment_author_id: 15677665	comment_author: jmz0527	atime: 2009-01-27 23:21:47	is_post: False - [pipelines.py:59]
2014-11-02 00:19:07,399 - youme_pipeline - INFO - Store comment to DB, post_id: 994331	comment: 从头看到尾，直觉上不是很喜欢这个男人，	comment_author_id: 21659806	comment_author: 北京六哥	atime: 2009-01-27 23:31:42	is_post: False - [pipelines.py:59]
2014-11-02 00:19:07,400 - youme_pipeline - INFO - Store comment to DB, post_id: 994331	comment: 楼主,你那个暧昧的男人很恶心,而且俗不可耐.他凭什么爱你?真的爱你,就不会来骚扰你,为了得到你么? 我不明白,男人为什么那么贱,希望楼主自重!	comment_author_id: 3017189	comment_author: 阿米吉	atime: 2009-01-27 23:35:01	is_post: False - [pipelines.py:59]
2014-11-02 00:19:07,401 - youme_pipeline - INFO - Store comment to DB, post_id: 994331	comment: 装点寂寞	comment_author_id: 18471126	comment_author: Hynnn	atime: 2009-01-28 00:00:54	is_post: False - [pipelines.py:59]
2014-11-02 00:19:07,405 - youme_pipeline - INFO - Store comment to DB, post_id: 994331	comment: 糊涂的经历不需要多，一次就足够悔一辈子！人的一生犯下的错，不是件件都能弥补的！如果将来出现什么后果，不要抱怨，咬碎了牙也只能往自己肚里咽。	comment_author_id: 18494957	comment_author: trfgyujh	atime: 2009-01-28 03:17:52	is_post: False - [pipelines.py:59]
2014-11-02 00:19:07,415 - youme_pipeline - INFO - Store comment to DB, post_id: 994331	comment: 楼主你是在北京么？	comment_author_id: 6626981	comment_author: 哎呀唉呀呀	atime: 2009-01-28 04:30:10	is_post: False - [pipelines.py:59]
2014-11-02 00:19:07,416 - youme_pipeline - INFO - Store comment to DB, post_id: 994331	comment: 很幼稚哦	comment_author_id: 5748395	comment_author: 风尖人	atime: 2009-01-28 04:43:29	is_post: False - [pipelines.py:59]
2014-11-02 00:19:07,417 - youme_pipeline - INFO - Store comment to DB, post_id: 994331	comment: 晕，这年头的女人都带着儿子偷情吗？	comment_author_id: 14975187	comment_author: 武汉炒手	atime: 2009-01-28 10:34:13	is_post: False - [pipelines.py:59]
2014-11-02 00:19:07,418 - youme_pipeline - INFO - Store comment to DB, post_id: 994331	comment: 晕。有种看成人小说的味道。	comment_author_id: 16467044	comment_author: zuer76	atime: 2009-01-28 11:12:44	is_post: False - [pipelines.py:59]
2014-11-02 00:19:07,426 - youme_pipeline - INFO - Store comment to DB, post_id: 994331	comment: 你到底要什么,  要婚姻,,, 还是要激情	comment_author_id: 21670076	comment_author: 萍萍1965	atime: 2009-01-28 11:40:50	is_post: False - [pipelines.py:59]
2014-11-02 00:19:07,435 - youme_pipeline - INFO - Store post to DB, post_id: 994331	title: 那是爱吗？（一个已婚女人的迷惑）	post_url: /post-feeling-994331-1.shtml	author_id: 21642922	author: 飘浮在空气中的爱	content: 经常来天涯看别人的故事,从没想到说说自己的故事,今天了结了一段情,不知道该说是什么情。我是一个已婚的女人，曾经为家庭为孩子付出了所有，可是最终还是被老公深深的伤害了，看在孩子的份上，原谅了老公，保持了一个完整的家庭，现在过着很平淡的生活，自从发生了那些事情后，我较常参加户外活动，周末跟着一些驴子去爬爬山、徒徒步、溯溯溪什么的，以此放松下心情。继续第二天早上,我在网上瞎逛,手机响了,是他发来的信息:香酥鸡土豆饼：谢谢关注，第一次在网上写贴子，是自己的心路历程。接下来那几天，我忙得天昏地暗，在爬山的时候听他说过他没有ＱＱ号码，正好我无聊的时候刚注册了一个，平时都不用，有一次和他发信息时说起，我就说给他一个Ｑ号，他说好，叫我发给他，我发过给他，密码是我的网名。我说：龍行虎步，qq380372971，谢谢关注晚上我在上网的时候，就发了加他为好友的信息，可是到第二天都没有通过的信息，我发信息给他，他说都在忙没空上Ｑ。两天后，又收到他的信息。qaz007：还好，还没造成伤害之前，我抽身出来了香酥鸡土豆饼:谢谢，我也相信好人会有好报的，其实写这个也是为了让大家帮助我擦亮自己的眼睛，让自己不再深陷其中其实到现在为止，我也相信他不是个坏男人，也不是那种看到女人就主动的男人因为我有一些认识他的朋友，都是一起去户外活动的朋友，他和她们更早认识，更熟，可是大家对他的口啤都不错的。继续更新第二天,在Q上碰到他了,晕死,刚才发的怎么不见了终于找回来了,刚才不见了,吓死我了,我以要重新写过的了,如果要重新写,可能就不想写了先冲凉,呆会还要给儿子讲故事,带他睡觉,只能晚点再更新了294076034:谢谢提醒目目言香:请教一下"小鸡冻一下"是什么意思自已顶一个下班回到家,做完每天例牌的工作,没再上网,因为老公今天比较早回来,儿子睡觉以后,我就出去陪老公看电视了,12点了,就睡觉了.老公抱着我。一宅一生09：追我的不只他一个男人，不过他是一个让我比较有好感的男人，我知道不能伤害彼此，所以控制着自己的情感zilch2007：其实我也不知道他是个怎么样的男人，不过觉得他不象是很有心机的男人，感觉还是比较简单的，不过我也不知道感觉有没有错vera_syw：我也觉得有点危险，所以尽量控制自己第二天中午，我吃过饭以后，例牌上上网，在网上又遇见了他，我一上线，他就发了信息过来：hd3850：他真的是高手吗？jiangjie_791113：其实我是一个很怕做什么见不得人的事情的，如果不是老公深深伤害过我的话，再加上老公经常冷落我，让我有时觉得真的很空虚，我真的不是为了老公守住贞洁，是为了我的名誉和为了孩子。zilch2007：呵呵，我们称常参加户外活动的人为驴子早上一起床，打开手机，就收到他发过来的信息：“我到了”zilch2007：对的，确实是这样，之前有三两次一起活动的时候，不知道他的名字，不过，感觉他是一个勤劳亲切的男人一宅一生09：其实也上班了，早上我比较早上班老公在外面,我不能再写了，明天再更新吧，各位晚安妞妞喵　回复日期：2009-01-23　23:18:58作者：xinzailiuxue2008　回复日期：2009-01-23　23:26:05楼主，实际上你已经心动了，开始帮他开脱了作者：qq16789　回复日期：2009-01-23　23:32:37良末　回复日期：2009-01-23　23:52:51malie0　回复日期：2009-01-23　23:53:33锄禾1　回复日期：2009-01-24　00:27:42革命小酒天天有　回复日期：2009-01-24　09:58:13davidman　回复日期：2009-01-24　10:06:59caiqiao2009　回复日期：2009-01-24　09:53:42雾中雪莲　回复日期：2009-01-24　11:08:46yinyin1204　回复日期：2009-01-24　10:59:44作为一个女人,我也在生活中遇到这样或那样的诱惑.当我有些不能自控的时候我就想,我年轻时嫁了老公,那么青春美丽,可以说在老公那里实现了一个女人的最大值,老公应该是这个世界上最爱我的人,虽然他没能表现出他的爱,自己在他心中的份量一定不会轻.现在已不太年轻了,别人会真心喜欢我吗,想来心都是虚的.所以我总会及时止步.全心全意把心放在家人身上.寒鸦飞尽　回复日期：2009-01-24　13:17:58香酥鸡土豆饼　回复日期：2009-01-24　15:28:59饭桌上,我们聊的话题都很轻松,时间也过得挺快的,吃完饭后,他就送我们回家,在上楼的时候我又收到他的信息:周六7点多就起床了,给孩子弄好早餐,老公要上班,问他要不要在家里吃早餐,他说不用,所以我只是做了我和儿子的早餐.小孩吃了早餐后,让他做了作业,然后他在看电视,我就上网了,快过年了,清洁工啊姨打电话来说明天来家里彻底搞卫生,我就发愁了,明天我带儿子去哪好呢,儿子在家肯定会捣乱的.我在网上瞎逛了会,看到了明天的活动,活动是可以带孩子去的.我就报了名,他的名字也在上面,他说的做梦梦见我也去了的活动.我心里的感觉很复杂,虽然我不是因为他去我才去的,但是心里也有点想见到他.我坐谁的车去好呢,在名单中我发现了一位上次认识的朋友,他家就在我家对面,然后我就发信息给他,说坐他的车去,他说他可能没那么早去,可能会下午4点才过去,我说那就算了.这时他也上线了emmatt　回复日期：2009-01-24　11:30:55dushiqier　回复日期：2009-01-24　12:30:40越堕落愈寂寞　回复日期：2009-01-24　03:59:21要吃饭了,有空再更新吧,其实也快写完了.我老公哪有给我什么信心啊,我只是对于他有底气而已,因为从不做对不起他的事,就会问心无愧.婚姻就是这么回事.不要相信别人说的夫妻多么甜蜜.平常过日子,都是惨淡无奈的.经济方面不用操心就很不错了.至于他偶尔失足,就当个小辫子抓在手上吧.日子还是要过的.不过,楼主能及时抽身.绝对是非常明智的.我老公说,除了他,没有人会要我的,这话让我很生气.把我看得太扁了.难道我真的没有一点魅力吗?事实上又不是这样,确实有不少人看上我,但是我从来都没给过别人机会罢了.我也不敢告诉老公,因为我怕他会限制我的自由王子待娶　回复日期：2009-01-24　19:43:29小朋友叫我啊姨很正常,如果年轻人叫我,好象不太合适,呵呵,无所谓,都 是一句嘛hpjvb999　回复日期：2009-01-24　19:10:46夏蝉儿　回复日期：2009-01-24　19:31:09zilch2007　回复日期：2009-01-24　19:35:36微雨独行_Dim　回复日期：2009-01-24　19:32:23越堕落愈寂寞　回复日期：2009-01-24　21:19:43突然间,我发现他的QQ个性签名改变了一点点,我当里给他随便写了一句"这个冬天不太冷"他在后面加了一句就变成了"这个冬天不太冷,因为有你"当然我知道他说的是因为我,心里有些许的暖意,感觉到他也是一个用心的人.想起来他第一次和我Q聊的时候说过:"你是我第一个聊Q的朋友,将永生难忘;为你第一次用Q,非一般的影响力"。心里暖洋洋的。王子待娶　回复日期：2009-01-24　10:35:0510分钟后,他就到了,车的后座放了桔子,我只好坐在前面了,他一直深深的看着我,说:"昨晚又没睡好吗?看你的样子很疲劳"xinzailiuxue2008　回复日期：2009-01-24　22:33:14xinzailiuxue2008　回复日期：2009-01-24　22:40:34至今至爱　回复日期：2009-01-24　23:51:43寒鸦飞尽　回复日期：2009-01-25　09:33:22作者：xinzailiuxue2008　回复日期：2009-01-25　12:01:27作者：mz2209718　回复日期：2009-01-25　13:14:08一宅一生09　回复日期：2009-01-25　11:29:16今天是大年三十,祝天涯的各位兄弟姐妹牛年牛气冲天,幸福健康!!!雪人莫依尘　回复日期：2009-01-25　12:08:33大家都说要和老公沟通,其实我和老公之间沟通得不会少,他也会把工作上的事情跟我说,把他的烦恼和压力跟我说,平时也不会没话讲,看问题的观点也大至相同,唯一沟通不到的就是他工作忙,他说他也没办法,玩也好,看电影也好,吃饭也好,他都不愿意陪我出去,还有最大的问题就是性生活,一个月才一次,让我很难忍受,他知道我很大意见,可是依然我行我素,全然不顾我的感觉,我才三十岁,虽然欲望不是很强烈,可是总是会想的,每次我主动他都不会理我,有时我生气时会说:"我找你要,是因为我爱你,那天我不找你要了,找别的男人要,看你怎么办"他就会说:"你敢,我杀了你"依然起不到效果,我也不知道是不是每个婚姻久了都会这样,反正我就觉得这样不是很正常,可是又无法改变刚吃过团圆饭第七维　回复日期：2009-01-25　16:30:08hpjvb999　回复日期：2009-01-25　22:54:06LDJ时尚健康　回复日期：2009-01-25　21:24:56这几天家里人多,估计是更新不了了马洲老骥　回复日期：2009-01-26　13:52:16我是个如假包换的女人,别必要欺骗别人,我是一个较懒的人,有故事都懒得写的人,要我去编故事,我没这个本事,也觉得没一点意思.无聊透顶trfgyujh　回复日期：2009-01-25　16:49:28大家过年都忙吗?今天好冷哦ziyoudefeng2008　回复日期：2009-01-26　19:54:11theyeartheday　回复日期：2009-01-26　20:11:57温柔触摸　回复日期：2009-01-26　20:16:52越堕落愈寂寞　回复日期：2009-01-26　21:33:51lukas44　回复日期：2009-01-26　21:54:22jsjhsmg456　回复日期：2009-01-26　19:21:16我认为上面这段话还是很有道理的。和你先生的问题，还是在婚内解决吧。世上没有天生完美的婚姻，所有的父母都是孩子的第一任榜样。回到家,吃过饭后,我带儿子小睡了一会,他打电话来的时候我就下楼了,去小店买了两个毽子,去到农庄的时候可以玩玩,买好了就站在路边等他,他的车停在我们的旁边,正准备坐在后座时,发现后座有两个男人,他说:"你们坐前面吧",我带着儿子坐在前面,他说:"后面的人你认识的哦."我看了一眼,有点眼熟,想了一会儿,后面的人说:"不认识了呀?"."哦,小青虫"小青虫笑了笑,:回到家,吃过饭后,我带儿子小睡了一会,他打电话来的时候我就下楼了,去小店买了两个毽子,去到农庄的时候可以玩玩,买好了就站在路边等他,他的车停在我们的旁边,正准备坐在后座时,发现后座有两个男人,他说:"你们坐前面吧",我带着儿子坐在前面,他说:"后面的人你认识的哦."我看了一眼,有点眼熟,想了一会儿,后面的人说:"不认识了呀?"."哦,小青虫"小青虫笑了笑,:第一次发的写少了两句话jvjv88　回复日期：2009-01-27　21:35:58不过楼上这位朋友有一点说得没错。一个好男人是不会背叛自己妻子的。你说的这个男人他会背着妻子和你谈婚外情。那么，他也会和另一个女人谈情。不要认为你就是独一无二的。jmz0527　回复日期：2009-01-27　23:21:47夏花如兰　回复日期：2009-01-27　22:06:56北京六哥　回复日期：2009-01-27　23:31:42阿米吉　回复日期：2009-01-27　23:35:01trfgyujh　回复日期：2009-01-28　03:17:52哎呀唉呀呀　回复日期：2009-01-28　04:30:10风尖人　回复日期：2009-01-28　04:43:29武汉炒手　回复日期：2009-01-28　10:34:13zuer76　回复日期：2009-01-28　11:12:44感觉你老公快把你丢了，他太粗心大意了。做为一个男人，我真的很想告诉你，猎艳、玩暧昧是男人的本性，在不影响他自身安全的情况下，他是很乐意出轨的，可是一旦你们有了实质性的接触，同时你们的这种交往一旦有可能大白于天下，影响到那个男人的正常生活时，那个猎艳的男人会毫不留情的离开你的，请想信我！你的老公只是太粗心了，这是他的错，但是在你还没有充分了解那个暧昧男人时，你要保持安静，因为激情过后会是万丈深渊。掉下去的往往是那个悲情的女人，当然没有体验过，不会知道后果是什么。这里只能祝愿楼主，希望那个粗心大意的男人可以发现身边的金子，同时也祝愿楼主可以找回自己的真爱。。。。。。糊涂的经历不需要多，一次就足够悔一辈子！人的一生犯下的错，不是件件都能弥补的！如果将来出现什么后果，不要抱怨，咬碎了牙也只能往自己肚里咽。萍萍1965　回复日期：2009-01-28　11:40:50也可能就是因为有空子,所以才让别人钻了空子吧	hits: 27458	replies: 450	atime: 2009-01-23 16:57:00	is_post: True - [pipelines.py:50]
